
  .   ____          _            __ _ _
 /\\ / ___'_ __ _ _(_)_ __  __ _ \ \ \ \
( ( )\___ | '_ | '_| | '_ \/ _` | \ \ \ \
 \\/  ___)| |_)| | | | | || (_| |  ) ) ) )
  '  |____| .__|_| |_|_| |_\__, | / / / /
 =========|_|==============|___/=/_/_/_/
 :: Spring Boot ::                (v2.7.5)

2022-11-13 09:21:12.429  INFO 15494 --- [           main] c.e.c.CloverBackendApplication           : Starting CloverBackendApplication using Java 11.0.17 on ip-172-31-10-19 with PID 15494 (/home/ubuntu/Clover_Project/server/build/libs/clover_backend-0.0.1-SNAPSHOT.jar started by ubuntu in /home/ubuntu/Clover_Project/server/build/libs)
2022-11-13 09:21:12.433  INFO 15494 --- [           main] c.e.c.CloverBackendApplication           : No active profile set, falling back to 1 default profile: "default"
2022-11-13 09:21:14.306  INFO 15494 --- [           main] .s.d.r.c.RepositoryConfigurationDelegate : Bootstrapping Spring Data JPA repositories in DEFAULT mode.
2022-11-13 09:21:14.411  INFO 15494 --- [           main] .s.d.r.c.RepositoryConfigurationDelegate : Finished Spring Data repository scanning in 85 ms. Found 1 JPA repository interfaces.
2022-11-13 09:21:15.909  INFO 15494 --- [           main] o.s.b.w.embedded.tomcat.TomcatWebServer  : Tomcat initialized with port(s): 8080 (http)
2022-11-13 09:21:15.931  INFO 15494 --- [           main] o.apache.catalina.core.StandardService   : Starting service [Tomcat]
2022-11-13 09:21:15.937  INFO 15494 --- [           main] org.apache.catalina.core.StandardEngine  : Starting Servlet engine: [Apache Tomcat/9.0.68]
2022-11-13 09:21:16.147  INFO 15494 --- [           main] o.a.c.c.C.[Tomcat].[localhost].[/]       : Initializing Spring embedded WebApplicationContext
2022-11-13 09:21:16.153  INFO 15494 --- [           main] w.s.c.ServletWebServerApplicationContext : Root WebApplicationContext: initialization completed in 3590 ms
2022-11-13 09:21:17.086  INFO 15494 --- [           main] com.zaxxer.hikari.HikariDataSource       : HikariPool-1 - Starting...
2022-11-13 09:21:17.815  INFO 15494 --- [           main] com.zaxxer.hikari.HikariDataSource       : HikariPool-1 - Start completed.
2022-11-13 09:21:17.955  INFO 15494 --- [           main] o.hibernate.jpa.internal.util.LogHelper  : HHH000204: Processing PersistenceUnitInfo [name: default]
2022-11-13 09:21:18.198  INFO 15494 --- [           main] org.hibernate.Version                    : HHH000412: Hibernate ORM core version 5.6.12.Final
2022-11-13 09:21:18.691  INFO 15494 --- [           main] o.hibernate.annotations.common.Version   : HCANN000001: Hibernate Commons Annotations {5.1.2.Final}
2022-11-13 09:21:18.950  INFO 15494 --- [           main] org.hibernate.dialect.Dialect            : HHH000400: Using dialect: org.hibernate.dialect.MySQL5InnoDBDialect
2022-11-13 09:21:20.114  INFO 15494 --- [           main] o.h.e.t.j.p.i.JtaPlatformInitiator       : HHH000490: Using JtaPlatform implementation: [org.hibernate.engine.transaction.jta.platform.internal.NoJtaPlatform]
2022-11-13 09:21:20.128  INFO 15494 --- [           main] j.LocalContainerEntityManagerFactoryBean : Initialized JPA EntityManagerFactory for persistence unit 'default'
2022-11-13 09:21:20.977  WARN 15494 --- [           main] JpaBaseConfiguration$JpaWebConfiguration : spring.jpa.open-in-view is enabled by default. Therefore, database queries may be performed during view rendering. Explicitly configure spring.jpa.open-in-view to disable this warning
2022-11-13 09:21:21.652  WARN 15494 --- [           main] ion$DefaultTemplateResolverConfiguration : Cannot find template location: classpath:/templates/ (please add some templates, check your Thymeleaf configuration, or set spring.thymeleaf.check-template-location=false)
2022-11-13 09:21:21.892  INFO 15494 --- [           main] o.s.b.w.embedded.tomcat.TomcatWebServer  : Tomcat started on port(s): 8080 (http) with context path ''
2022-11-13 09:21:21.921  INFO 15494 --- [           main] c.e.c.CloverBackendApplication           : Started CloverBackendApplication in 10.741 seconds (JVM running for 11.982)
2022-11-13 09:21:52.619  INFO 15494 --- [nio-8080-exec-1] o.a.c.c.C.[Tomcat].[localhost].[/]       : Initializing Spring DispatcherServlet 'dispatcherServlet'
2022-11-13 09:21:52.620  INFO 15494 --- [nio-8080-exec-1] o.s.web.servlet.DispatcherServlet        : Initializing Servlet 'dispatcherServlet'
2022-11-13 09:21:52.622  INFO 15494 --- [nio-8080-exec-1] o.s.web.servlet.DispatcherServlet        : Completed initialization in 2 ms
Hibernate: select * from stockitems where name like ? or code like ?
Hibernate: select * from stockitems where name like ? or code like ?
Hibernate: select stockitem0_.code as code1_0_, stockitem0_.name as name2_0_ from stockitems stockitem0_
